TN:
SF:src/config.ts
FNF:0
FNH:0
DA:1,1
DA:2,1
DA:4,1
DA:6,1
DA:8,1
DA:10,1
DA:12,1
LF:7
LH:7
BRDA:4,0,0,1
BRDA:4,0,1,1
BRDA:8,1,0,1
BRDA:8,1,1,0
BRDA:10,2,0,1
BRDA:10,2,1,1
BRDA:12,3,0,1
BRDA:12,3,1,0
BRF:8
BRH:6
end_of_record
TN:
SF:src/mongoose.ts
FN:5,(anonymous_1)
FNF:1
FNH:0
FNDA:0,(anonymous_1)
DA:1,1
DA:3,1
DA:5,1
DA:6,0
DA:13,0
DA:16,1
LF:6
LH:4
BRF:0
BRH:0
end_of_record
TN:
SF:src/server.ts
FN:24,(anonymous_0)
FN:34,(anonymous_1)
FNF:2
FNH:0
FNDA:0,(anonymous_0)
FNDA:0,(anonymous_1)
DA:11,0
DA:13,0
DA:15,0
DA:21,0
DA:24,0
DA:26,0
DA:32,0
DA:34,0
DA:36,0
LF:9
LH:0
BRF:0
BRH:0
end_of_record
TN:
SF:src/graphql/resolvers.ts
FNF:0
FNH:0
DA:3,1
DA:5,1
DA:7,1
DA:11,1
LF:4
LH:4
BRF:0
BRH:0
end_of_record
TN:
SF:src/graphql/types.ts
FN:30,(anonymous_0)
FNF:1
FNH:1
FNDA:1,(anonymous_0)
DA:30,1
DA:31,1
DA:32,1
LF:3
LH:3
BRDA:30,0,0,1
BRDA:30,0,1,1
BRF:2
BRH:2
end_of_record
TN:
SF:src/graphql/utils.ts
FN:1,(anonymous_0)
FNF:1
FNH:1
FNDA:3,(anonymous_0)
DA:1,1
DA:2,3
DA:3,1
DA:5,2
LF:4
LH:4
BRDA:2,0,0,1
BRDA:2,0,1,2
BRDA:2,1,0,3
BRDA:2,1,1,3
BRF:4
BRH:4
end_of_record
TN:
SF:src/graphql/mutation/index.ts
FNF:0
FNH:0
DA:1,1
DA:3,1
LF:2
LH:2
BRF:0
BRH:0
end_of_record
TN:
SF:src/graphql/mutation/signInGoogle.ts
FN:14,(anonymous_7)
FN:17,(anonymous_8)
FNF:2
FNH:0
FNDA:0,(anonymous_7)
FNDA:0,(anonymous_8)
DA:1,1
DA:2,1
DA:3,1
DA:5,1
DA:14,1
DA:17,0
DA:18,0
DA:23,0
DA:25,0
DA:27,0
DA:33,0
DA:35,0
DA:37,0
DA:39,0
LF:14
LH:5
BRDA:25,0,0,0
BRDA:25,0,1,0
BRDA:35,1,0,0
BRDA:35,1,1,0
BRDA:35,2,0,0
BRDA:35,2,1,0
BRDA:35,3,0,0
BRDA:35,3,1,0
BRF:8
BRH:0
end_of_record
TN:
SF:src/graphql/query/currentUser.ts
FN:4,(anonymous_7)
FN:8,(anonymous_8)
FNF:2
FNH:0
FNDA:0,(anonymous_7)
FNDA:0,(anonymous_8)
DA:1,1
DA:4,1
DA:8,0
DA:9,0
DA:11,0
DA:13,0
LF:6
LH:2
BRF:0
BRH:0
end_of_record
TN:
SF:src/graphql/query/index.ts
FNF:0
FNH:0
DA:1,1
DA:3,1
DA:5,1
LF:3
LH:3
BRF:0
BRH:0
end_of_record
TN:
SF:src/graphql/query/types/department.ts
FN:16,(anonymous_7)
FN:16,(anonymous_8)
FN:23,(anonymous_9)
FN:23,(anonymous_10)
FNF:4
FNH:2
FNDA:1,(anonymous_7)
FNDA:1,(anonymous_8)
FNDA:0,(anonymous_9)
FNDA:0,(anonymous_10)
DA:3,2
DA:15,2
DA:16,1
DA:17,1
DA:19,1
DA:21,1
DA:23,0
DA:24,0
DA:26,0
DA:28,0
LF:10
LH:6
BRF:0
BRH:0
end_of_record
TN:
SF:src/graphql/query/types/index.ts
FNF:0
FNH:0
DA:1,1
DA:2,1
DA:4,1
LF:3
LH:3
BRF:0
BRH:0
end_of_record
TN:
SF:src/graphql/query/types/user.ts
FN:9,(anonymous_7)
FN:11,(anonymous_8)
FNF:2
FNH:0
FNDA:0,(anonymous_7)
FNDA:0,(anonymous_8)
DA:3,1
DA:8,1
DA:11,0
DA:12,0
DA:14,0
DA:16,0
LF:6
LH:2
BRF:0
BRH:0
end_of_record
TN:
SF:src/models/department.ts
FNF:0
FNH:0
DA:1,1
DA:2,1
DA:4,1
DA:12,1
DA:18,1
DA:23,1
LF:6
LH:6
BRF:0
BRH:0
end_of_record
TN:
SF:src/models/user.ts
FNF:0
FNH:0
DA:1,1
DA:2,1
DA:4,1
DA:13,1
DA:20,1
DA:25,1
LF:6
LH:6
BRF:0
BRH:0
end_of_record
TN:
SF:src/services/googleapis.ts
FN:3,(anonymous_7)
FN:5,(anonymous_8)
FNF:2
FNH:0
FNDA:0,(anonymous_7)
FNDA:0,(anonymous_8)
DA:1,1
DA:3,1
DA:5,0
DA:6,0
DA:8,0
DA:9,0
DA:11,0
DA:15,0
DA:17,0
LF:9
LH:2
BRF:0
BRH:0
end_of_record
TN:
SF:src/services/jwt.ts
FN:8,(anonymous_1)
FN:11,(anonymous_2)
FNF:2
FNH:0
FNDA:0,(anonymous_1)
FNDA:0,(anonymous_2)
DA:1,1
DA:2,1
DA:8,1
DA:9,0
DA:11,1
DA:12,0
LF:6
LH:4
BRF:0
BRH:0
end_of_record
